<?xml version="1.0" encoding="UTF-8"?>
<!-- Generated by org.testng.reporters.JUnitXMLReporter -->
<testsuite hostname="PUNRAZ.local" name="ChromeTest" tests="1" failures="1" timestamp="21 Jun 2014 01:14:45 GMT" time="68.926" errors="0">
  <testcase name="testSignedInCheckoutMaster" time="18.425" classname="com.quiksilver.test.SignedInCheckoutExpressMasterTest">
    <failure type="java.lang.AssertionError" message="expected no saved cards but isSavedCard=true expected [true] but found [false]">
      <![CDATA[java.lang.AssertionError: expected no saved cards but isSavedCard=true expected [true] but found [false]
	at com.quiksilver.test.SignedInCheckoutExpressMasterTest.testSignedInCheckoutMaster(SignedInCheckoutExpressMasterTest.java:110)
... Removed 27 stack frames]]>
    </failure>
  </testcase> <!-- testSignedInCheckoutMaster -->
</testsuite> <!-- ChromeTest -->
