<?xml version="1.0" encoding="UTF-8"?>
<testng-results skipped="0" failed="0" total="2" passed="2">
  <reporter-output>
    <line>
      <![CDATA[Currently testing URL: data:,]]>
    </line>
    <line>
      <![CDATA[On Home page title is DC Shoes | Skate & Snowboard Quality Clothing]]>
    </line>
    <line>
      <![CDATA[After click on 'Login' link in the header page title is Login to your Personal Account - DC Shoes]]>
    </line>
    <line>
      <![CDATA[Logging in using email:software_test22@hotmail.com and password: fluid]]>
    </line>
    <line>
      <![CDATA[Welcome message is : Welcome, Fluid]]>
    </line>
    <line>
      <![CDATA[SauceOnDemandSessionID=8326998adffe7e7c419a37d8342da8f3 job-name=dc Automation Test]]>
    </line>
    <line>
      <![CDATA[On Home page title is DC Shoes | Skate & Snowboard Quality Clothing]]>
    </line>
    <line>
      <![CDATA[After click on 'Login' link in the header page title is Login to your Personal Account - DC Shoes]]>
    </line>
    <line>
      <![CDATA[Logging in using email:software_test22@yahoo.com and password: fluid2]]>
    </line>
    <line>
      <![CDATA[Welcome message is : Welcome, Fluid]]>
    </line>
    <line>
      <![CDATA[SauceOnDemandSessionID=8326998adffe7e7c419a37d8342da8f3 job-name=dc Automation Test]]>
    </line>
  </reporter-output>
  <suite name="Multibrowser_DC_Quiksilver" duration-ms="26465" started-at="2014-08-11T22:38:57Z" finished-at="2014-08-11T22:39:24Z">
    <groups>
    </groups>
    <test name="SafariTest" duration-ms="0" started-at="2014-08-11T22:39:24Z" finished-at="2014-08-11T22:39:24Z">
    </test>
    <test name="FirefoxTest" duration-ms="0" started-at="2014-08-11T22:38:57Z" finished-at="2014-08-11T22:38:57Z">
    </test>
    <test name="ChromeTest" duration-ms="26229" started-at="2014-08-11T22:38:57Z" finished-at="2014-08-11T22:39:24Z">
      <class name="com.quiksilver.test.LoginTest">
        <test-method status="PASS" signature="beforeTest(java.lang.String)" name="beforeTest" is-config="true" duration-ms="2293" started-at="2014-08-11T22:38:57Z" finished-at="2014-08-11T22:39:00Z">
          <params>
            <param index="0">
              <value>
                <![CDATA[chrome]]>
              </value>
            </param>
          </params>
        </test-method>
        <test-method status="PASS" signature="getToHome(java.lang.String)" name="getToHome" is-config="true" duration-ms="4519" started-at="2014-08-11T22:39:00Z" finished-at="2014-08-11T22:39:04Z">
          <params>
            <param index="0">
              <value>
                <![CDATA[stagingDC_US]]>
              </value>
            </param>
          </params>
        </test-method>
        <test-method status="PASS" signature="checkoutSignInRegistered(java.lang.String, java.lang.String, java.lang.String)" name="checkoutSignInRegistered" duration-ms="10427" started-at="2014-08-11T22:39:04Z" finished-at="2014-08-11T22:39:15Z">
          <params>
            <param index="0">
              <value>
                <![CDATA[software_test22@hotmail.com]]>
              </value>
            </param>
            <param index="1">
              <value>
                <![CDATA[fluid]]>
              </value>
            </param>
            <param index="2">
              <value>
                <![CDATA[Welcome,Veronica]]>
              </value>
            </param>
          </params>
        </test-method>
        <test-method status="PASS" signature="getToHome(java.lang.String)" name="getToHome" is-config="true" duration-ms="1966" started-at="2014-08-11T22:39:15Z" finished-at="2014-08-11T22:39:17Z">
          <params>
            <param index="0">
              <value>
                <![CDATA[stagingDC_US]]>
              </value>
            </param>
          </params>
        </test-method>
        <test-method status="PASS" signature="checkoutSignInRegistered(java.lang.String, java.lang.String, java.lang.String)" name="checkoutSignInRegistered" duration-ms="6404" started-at="2014-08-11T22:39:17Z" finished-at="2014-08-11T22:39:23Z">
          <params>
            <param index="0">
              <value>
                <![CDATA[software_test22@yahoo.com]]>
              </value>
            </param>
            <param index="1">
              <value>
                <![CDATA[fluid2]]>
              </value>
            </param>
            <param index="2">
              <value>
                <![CDATA[Welcome,Veronica]]>
              </value>
            </param>
          </params>
        </test-method>
        <test-method status="PASS" signature="tearDown()" name="tearDown" is-config="true" duration-ms="613" started-at="2014-08-11T22:39:23Z" finished-at="2014-08-11T22:39:24Z">
        </test-method>
      </class>
    </test>
  </suite>
</testng-results>
