<?xml version="1.0" encoding="UTF-8"?>
<testsuite name="TestSuite" time="172.606" tests="3" errors="0" skipped="1" failures="2">
  <properties>
[...]
</properties>
  <testcase name="saveForLaterPDP" classname="com.quiksilver.test.AddToWishListPdpTest" time="74.82">
    <failure message="org/openqa/selenium/html5/BrowserConnection" type="java.lang.NoClassDefFoundError">java.lang.NoClassDefFoundError: org/openqa/selenium/html5/BrowserConnection
	at java.net.URLClassLoader$1.run(URLClassLoader.java:366)
	at java.net.URLClassLoader$1.run(URLClassLoader.java:355)
	at java.security.AccessController.doPrivileged(Native Method)
	at java.net.URLClassLoader.findClass(URLClassLoader.java:354)
	at java.lang.ClassLoader.loadClass(ClassLoader.java:423)
	at sun.misc.Launcher$AppClassLoader.loadClass(Launcher.java:308)
	at java.lang.ClassLoader.loadClass(ClassLoader.java:356)
	at org.openqa.selenium.remote.html5.AddBrowserConnection.getDescribedInterface(AddBrowserConnection.java:34)
	at org.openqa.selenium.remote.Augmenter.determineAugmentation(Augmenter.java:117)
	at org.openqa.selenium.remote.Augmenter.create(Augmenter.java:51)
	at org.openqa.selenium.remote.BaseAugmenter.augment(BaseAugmenter.java:114)
	at com.quiksilver.util.TakeScreenshot.takeScreenshot(TakeScreenshot.java:29)
	at com.quiksilver.test.AddToWishListPdpTest.saveForLaterPDP(AddToWishListPdpTest.java:44)
</failure>
    <system-out><![CDATA[path is /Users/vpeter/Desktop/eclipse/TestScripts/QUIKMVN/config.properties
Successfully read from config.properties file <or.path>
path is /Users/vpeter/Desktop/eclipse/TestScripts/QUIKMVN/config.properties
Successfully read from config.properties file <or.path>
path is /Users/vpeter/Desktop/eclipse/TestScripts/QUIKMVN/config.properties
path is /Users/vpeter/Desktop/eclipse/TestScripts/QUIKMVN/config.properties
Successfully read from config.properties file <submittedorders.path>
path is /Users/vpeter/Desktop/eclipse/TestScripts/QUIKMVN/config.properties
Successfully read from config.properties file <createdaccounts.path>
path is /Users/vpeter/Desktop/eclipse/TestScripts/QUIKMVN/config.properties
Successfully read from config.properties file <staging>
path is /Users/vpeter/Desktop/eclipse/TestScripts/QUIKMVN/config.properties
Successfully read from config.properties file <production>
path is /Users/vpeter/Desktop/eclipse/TestScripts/QUIKMVN/config.properties
Successfully read from config.properties file <staging_dcshoes>
path is /Users/vpeter/Desktop/eclipse/TestScripts/QUIKMVN/config.properties
Successfully read from config.properties file <production_dcshoes>
path is /Users/vpeter/Desktop/eclipse/TestScripts/QUIKMVN/config.properties
Successfully read from config.properties file <fail.screenshot.path>
path is /Users/vpeter/Desktop/eclipse/TestScripts/QUIKMVN/config.properties
Successfully read from config.properties file <pass.screenshot.path>
path is /Users/vpeter/Desktop/eclipse/TestScripts/QUIKMVN/config.properties
Successfully read from config.properties file <usergen.screenshot.path>
path is /Users/vpeter/Desktop/eclipse/TestScripts/QUIKMVN/config.properties
Successfully read from config.properties file <fail.screenshot.path>
path is /Users/vpeter/Desktop/eclipse/TestScripts/QUIKMVN/config.properties
Successfully read from config.properties file <pass.screenshot.path>
path is /Users/vpeter/Desktop/eclipse/TestScripts/QUIKMVN/config.properties
Successfully read from config.properties file <usergen.screenshot.path>
path is /Users/vpeter/Desktop/eclipse/TestScripts/QUIKMVN/config.properties
Successfully read from config.properties file <staging>
path is /Users/vpeter/Desktop/eclipse/TestScripts/QUIKMVN/config.properties
Successfully read from config.properties file <production>
path is /Users/vpeter/Desktop/eclipse/TestScripts/QUIKMVN/config.properties
Successfully read from config.properties file <staging_dcshoes>
path is /Users/vpeter/Desktop/eclipse/TestScripts/QUIKMVN/config.properties
Successfully read from config.properties file <production_dcshoes>
path is /Users/vpeter/Desktop/eclipse/TestScripts/QUIKMVN/config.properties
Successfully read from config.properties file <staging_dcshoesUS>
path is /Users/vpeter/Desktop/eclipse/TestScripts/QUIKMVN/config.properties
path is /Users/vpeter/Desktop/eclipse/TestScripts/QUIKMVN/config.properties
path is /Users/vpeter/Desktop/eclipse/TestScripts/QUIKMVN/config.properties
Successfully read from config.properties file <hotmail>
path is /Users/vpeter/Desktop/eclipse/TestScripts/QUIKMVN/config.properties
Successfully read from config.properties file <password_hotmail>
path is /Users/vpeter/Desktop/eclipse/TestScripts/QUIKMVN/config.properties
Successfully read from config.properties file <or.path>
path is /Users/vpeter/Desktop/eclipse/TestScripts/QUIKMVN/config.properties
Successfully read from config.properties file <or.path>
path is /Users/vpeter/Desktop/eclipse/TestScripts/QUIKMVN/config.properties
Successfully read from config.properties file <submittedorders.path>
path is /Users/vpeter/Desktop/eclipse/TestScripts/QUIKMVN/config.properties
Successfully read from config.properties file <createdaccounts.path>
path is /Users/vpeter/Desktop/eclipse/TestScripts/QUIKMVN/config.properties
Successfully read from config.properties file <staging>
path is /Users/vpeter/Desktop/eclipse/TestScripts/QUIKMVN/config.properties
Successfully read from config.properties file <production>
path is /Users/vpeter/Desktop/eclipse/TestScripts/QUIKMVN/config.properties
Successfully read from config.properties file <staging_dcshoes>
path is /Users/vpeter/Desktop/eclipse/TestScripts/QUIKMVN/config.properties
Successfully read from config.properties file <production_dcshoes>
path is /Users/vpeter/Desktop/eclipse/TestScripts/QUIKMVN/config.properties
Successfully read from config.properties file <fail.screenshot.path>
path is /Users/vpeter/Desktop/eclipse/TestScripts/QUIKMVN/config.properties
Successfully read from config.properties file <pass.screenshot.path>
path is /Users/vpeter/Desktop/eclipse/TestScripts/QUIKMVN/config.properties
Successfully read from config.properties file <usergen.screenshot.path>
path is /Users/vpeter/Desktop/eclipse/TestScripts/QUIKMVN/config.properties
Successfully read from config.properties file <fail.screenshot.path>
path is /Users/vpeter/Desktop/eclipse/TestScripts/QUIKMVN/config.properties
Successfully read from config.properties file <pass.screenshot.path>
path is /Users/vpeter/Desktop/eclipse/TestScripts/QUIKMVN/config.properties
Successfully read from config.properties file <usergen.screenshot.path>
path is /Users/vpeter/Desktop/eclipse/TestScripts/QUIKMVN/config.properties
Successfully read from config.properties file <staging>
path is /Users/vpeter/Desktop/eclipse/TestScripts/QUIKMVN/config.properties
Successfully read from config.properties file <production>
path is /Users/vpeter/Desktop/eclipse/TestScripts/QUIKMVN/config.properties
Successfully read from config.properties file <staging_dcshoes>
path is /Users/vpeter/Desktop/eclipse/TestScripts/QUIKMVN/config.properties
Successfully read from config.properties file <production_dcshoes>
path is /Users/vpeter/Desktop/eclipse/TestScripts/QUIKMVN/config.properties
Successfully read from config.properties file <staging_dcshoesUS>
path is /Users/vpeter/Desktop/eclipse/TestScripts/QUIKMVN/config.properties
path is /Users/vpeter/Desktop/eclipse/TestScripts/QUIKMVN/config.properties
path is /Users/vpeter/Desktop/eclipse/TestScripts/QUIKMVN/config.properties
Successfully read from config.properties file <hotmail>
path is /Users/vpeter/Desktop/eclipse/TestScripts/QUIKMVN/config.properties
Successfully read from config.properties file <password_hotmail>
Geo popup not triggered/present
NOT logged in. Logout link is not present 
Logging in using email:software_test22@hotmail.com and password: fluid
Using email software_test22@hotmail.com password fluid
On subcategory page title is 'Mens T Shirt Collection - DC Shoes'
linkOmni.size()=48
pdp_saveforlatercss)).getText()=Save for Later
]]></system-out>
    <system-err><![CDATA[log4j:WARN No appenders could be found for logger (myLogger).
log4j:WARN Please initialize the log4j system properly.
log4j:WARN See http://logging.apache.org/log4j/1.2/faq.html#noconfig for more info.
]]></system-err>
  </testcase>
  <testcase name="getToStep1GuestCheckout" classname="com.quiksilver.test.GuestCheckoutExpressAmexTest" time="97.786">
    <failure message="no such element&#10;  (Session info: chrome=35.0.1916.153)&#10;  (Driver info: chromedriver=2.9.248307,platform=Mac OS X 10.7.5 x86_64) (WARNING: The server did not provide any stacktrace information)&#10;Command duration or timeout: 72 milliseconds&#10;For documentation on this error, please visit: http://seleniumhq.org/exceptions/no_such_element.html&#10;Build info: version: &apos;2.42.2&apos;, revision: &apos;6a6995d31c7c56c340d6f45a76976d43506cd6cc&apos;, time: &apos;2014-06-03 10:52:47&apos;&#10;System info: host: &apos;PUNRAZ.local&apos;, ip: &apos;10.37.129.2&apos;, os.name: &apos;Mac OS X&apos;, os.arch: &apos;x86_64&apos;, os.version: &apos;10.7.5&apos;, java.version: &apos;1.7.0_07&apos;&#10;Session ID: 49f545ee9b43b7603b53f0a386ce121e&#10;Driver info: org.openqa.selenium.chrome.ChromeDriver&#10;Capabilities [{platform=MAC, acceptSslCerts=true, javascriptEnabled=true, browserName=chrome, chrome={userDataDir=/var/folders/vv/30lw1_z968g34f959mr38g3m0000gp/T/.org.chromium.Chromium.iLKO4m}, rotatable=false, locationContextEnabled=true, version=35.0.1916.153, takesHeapSnapshot=true, cssSelectorsEnabled=true, databaseEnabled=false, handlesAlerts=true, browserConnectionEnabled=false, nativeEvents=true, webStorageEnabled=true, applicationCacheEnabled=false, takesScreenshot=true}]" type="org.openqa.selenium.NoSuchElementException">org.openqa.selenium.NoSuchElementException: no such element
  (Session info: chrome=35.0.1916.153)
  (Driver info: chromedriver=2.9.248307,platform=Mac OS X 10.7.5 x86_64) (WARNING: The server did not provide any stacktrace information)
Command duration or timeout: 72 milliseconds
For documentation on this error, please visit: http://seleniumhq.org/exceptions/no_such_element.html
Build info: version: '2.42.2', revision: '6a6995d31c7c56c340d6f45a76976d43506cd6cc', time: '2014-06-03 10:52:47'
System info: host: 'PUNRAZ.local', ip: '10.37.129.2', os.name: 'Mac OS X', os.arch: 'x86_64', os.version: '10.7.5', java.version: '1.7.0_07'
Session ID: 49f545ee9b43b7603b53f0a386ce121e
Driver info: org.openqa.selenium.chrome.ChromeDriver
Capabilities [{platform=MAC, acceptSslCerts=true, javascriptEnabled=true, browserName=chrome, chrome={userDataDir=/var/folders/vv/30lw1_z968g34f959mr38g3m0000gp/T/.org.chromium.Chromium.iLKO4m}, rotatable=false, locationContextEnabled=true, version=35.0.1916.153, takesHeapSnapshot=true, cssSelectorsEnabled=true, databaseEnabled=false, handlesAlerts=true, browserConnectionEnabled=false, nativeEvents=true, webStorageEnabled=true, applicationCacheEnabled=false, takesScreenshot=true}]
	at sun.reflect.NativeConstructorAccessorImpl.newInstance0(Native Method)
	at sun.reflect.NativeConstructorAccessorImpl.newInstance(NativeConstructorAccessorImpl.java:57)
	at sun.reflect.DelegatingConstructorAccessorImpl.newInstance(DelegatingConstructorAccessorImpl.java:45)
	at java.lang.reflect.Constructor.newInstance(Constructor.java:525)
	at org.openqa.selenium.remote.ErrorHandler.createThrowable(ErrorHandler.java:193)
	at org.openqa.selenium.remote.ErrorHandler.throwIfResponseFailed(ErrorHandler.java:145)
	at org.openqa.selenium.remote.RemoteWebDriver.execute(RemoteWebDriver.java:554)
	at org.openqa.selenium.remote.RemoteWebDriver.findElement(RemoteWebDriver.java:307)
	at org.openqa.selenium.remote.RemoteWebDriver.findElementByXPath(RemoteWebDriver.java:404)
	at org.openqa.selenium.By$ByXPath.findElement(By.java:357)
	at org.openqa.selenium.remote.RemoteWebDriver.findElement(RemoteWebDriver.java:299)
	at com.quiksilver.util.CommonMethods.subcatPageHoverOnProductClickExpressLink(CommonMethods.java:1012)
	at com.quiksilver.test.GuestCheckoutExpressAmexTest.getToStep1GuestCheckout(GuestCheckoutExpressAmexTest.java:39)
</failure>
    <system-out><![CDATA[Geo popup not triggered/present
NOT logged in. Logout link is not present 
]]></system-out>
    <system-err><![CDATA[Startobjc[1814]: Object 0x7a684if20ng ChromeD oriver (v2f.9.248 307) on pocrt 4188l1
ass NSThread autoreleased with no pool in place - just leaking - break on objc_autoreleaseNoPool() to debug
]]></system-err>
  </testcase>
  <testcase name="testGuestCheckoutAmex" classname="com.quiksilver.test.GuestCheckoutExpressAmexTest" time="0">
    <skipped/>
  </testcase>
</testsuite>