<?xml version="1.0" encoding="UTF-8"?>
<testng-results skipped="0" failed="1" total="1" passed="0">
  <reporter-output>
    <line>
      <![CDATA[Currently testing URL: data:,]]>
    </line>
    <line>
      <![CDATA[On Home page title is DC Shoes Skate, Snowboard & Surf Clothing and Shoes - DC Shoes]]>
    </line>
    <line>
      <![CDATA[After click on 'Login' link in the header page title is Login to your Personal Account - DC Shoes]]>
    </line>
    <line>
      <![CDATA[Logging in using email:software_test22@hotmail.com and password: fluid]]>
    </line>
    <line>
      <![CDATA[On Subcat page title is Womens T-Shirt Collection - DC Shoes]]>
    </line>
    <line>
      <![CDATA[Using Chrome version 32 browser]]>
    </line>
    <line>
      <![CDATA[Saved <a href=../screenshot/UserGen/20_Jun_2014__06_14_09PM.png>Screenshot</a>]]>
    </line>
    <line>
      <![CDATA[After click on Checkout button on mini-cart title is Shopping Bag - DC Shoes]]>
    </line>
    <line>
      <![CDATA[Using Chrome version 32 browser]]>
    </line>
    <line>
      <![CDATA[Saved <a href=../screenshot/UserGen/20_Jun_2014__06_14_23PM.png>Screenshot</a>]]>
    </line>
    <line>
      <![CDATA[After click on Checkout button on Cart page  title is Review and Submit Order - DC Shoes]]>
    </line>
    <line>
      <![CDATA[Using Chrome version 32 browser]]>
    </line>
    <line>
      <![CDATA[Saved <a href=../screenshot/UserGen/20_Jun_2014__06_14_26PM.png>Screenshot</a>]]>
    </line>
    <line>
      <![CDATA[Current page title: Review and Submit Order - DC Shoes]]>
    </line>
    <line>
      <![CDATA[On 'Confirmation' page order number is ORDER NUMBER : STG-0033228]]>
    </line>
    <line>
      <![CDATA[This page title is :Thank You For Your Order - DC Shoes]]>
    </line>
    <line>
      <![CDATA[Current page title: Thank You For Your Order - DC Shoes]]>
    </line>
    <line>
      <![CDATA[On 'Confirmation' page order number is ORDER NUMBER : STG-0033228]]>
    </line>
    <line>
      <![CDATA[Current page title is Thank You For Your Order - DC Shoes]]>
    </line>
    <line>
      <![CDATA[From Confirmation page after click on 'Continue Shopping' redirected to DC Shoes Skate, Snowboard & Surf Clothing and Shoes - DC Shoes]]>
    </line>
    <line>
      <![CDATA[Using Chrome version 32 browser]]>
    </line>
    <line>
      <![CDATA[Saved <a href=../screenshot/UserGen/20_Jun_2014__06_14_44PM.png>Screenshot</a>]]>
    </line>
  </reporter-output>
  <suite name="Multibrowser_DC_Quiksilver" duration-ms="69109" started-at="2014-06-21T01:13:36Z" finished-at="2014-06-21T01:14:45Z">
    <groups>
    </groups>
    <test name="FirefoxTest" duration-ms="5" started-at="2014-06-21T01:13:36Z" finished-at="2014-06-21T01:13:36Z">
    </test> <!-- FirefoxTest -->
    <test name="ChromeTest" duration-ms="68926" started-at="2014-06-21T01:13:36Z" finished-at="2014-06-21T01:14:45Z">
      <class name="com.quiksilver.test.SignedInCheckoutExpressMasterTest">
        <test-method status="PASS" signature="beforeTest(java.lang.String)[pri:0, instance:com.quiksilver.test.SignedInCheckoutExpressMasterTest@1005412e]" name="beforeTest" is-config="true" duration-ms="2325" started-at="2014-06-20T18:13:36Z" finished-at="2014-06-20T18:13:38Z">
          <params>
            <param index="0">
              <value>
                <![CDATA[chrome]]>
              </value>
            </param>
          </params>
          <reporter-output>
            <line>
              <![CDATA[Currently testing URL: data:,]]>
            </line>
          </reporter-output>
        </test-method> <!-- beforeTest -->
        <test-method status="PASS" signature="getToHome(java.lang.String)[pri:0, instance:com.quiksilver.test.SignedInCheckoutExpressMasterTest@1005412e]" name="getToHome" is-config="true" duration-ms="8044" started-at="2014-06-20T18:13:38Z" finished-at="2014-06-20T18:13:46Z">
          <params>
            <param index="0">
              <value>
                <![CDATA[stagingDC]]>
              </value>
            </param>
          </params>
          <reporter-output>
          </reporter-output>
        </test-method> <!-- getToHome -->
        <test-method status="PASS" signature="getToSubcatExpressCheckout()[pri:0, instance:com.quiksilver.test.SignedInCheckoutExpressMasterTest@1005412e]" name="getToSubcatExpressCheckout" is-config="true" duration-ms="39458" started-at="2014-06-20T18:13:46Z" finished-at="2014-06-20T18:14:26Z">
          <reporter-output>
            <line>
              <![CDATA[On Home page title is DC Shoes Skate, Snowboard & Surf Clothing and Shoes - DC Shoes]]>
            </line>
            <line>
              <![CDATA[After click on 'Login' link in the header page title is Login to your Personal Account - DC Shoes]]>
            </line>
            <line>
              <![CDATA[Logging in using email:software_test22@hotmail.com and password: fluid]]>
            </line>
            <line>
              <![CDATA[On Subcat page title is Womens T-Shirt Collection - DC Shoes]]>
            </line>
            <line>
              <![CDATA[Using Chrome version 32 browser]]>
            </line>
            <line>
              <![CDATA[Saved <a href=../screenshot/UserGen/20_Jun_2014__06_14_09PM.png>Screenshot</a>]]>
            </line>
            <line>
              <![CDATA[After click on Checkout button on mini-cart title is Shopping Bag - DC Shoes]]>
            </line>
            <line>
              <![CDATA[Using Chrome version 32 browser]]>
            </line>
            <line>
              <![CDATA[Saved <a href=../screenshot/UserGen/20_Jun_2014__06_14_23PM.png>Screenshot</a>]]>
            </line>
            <line>
              <![CDATA[After click on Checkout button on Cart page  title is Review and Submit Order - DC Shoes]]>
            </line>
          </reporter-output>
        </test-method> <!-- getToSubcatExpressCheckout -->
        <test-method status="FAIL" signature="testSignedInCheckoutMaster()[pri:0, instance:com.quiksilver.test.SignedInCheckoutExpressMasterTest@1005412e]" name="testSignedInCheckoutMaster" duration-ms="18425" started-at="2014-06-20T18:14:26Z" finished-at="2014-06-20T18:14:44Z">
          <exception class="java.lang.AssertionError">
            <message>
              <![CDATA[expected no saved cards but isSavedCard=true expected [true] but found [false]]]>
            </message>
            <full-stacktrace>
              <![CDATA[java.lang.AssertionError: expected no saved cards but isSavedCard=true expected [true] but found [false]
	at org.testng.Assert.fail(Assert.java:94)
	at org.testng.Assert.failNotEquals(Assert.java:494)
	at org.testng.Assert.assertTrue(Assert.java:42)
	at com.quiksilver.test.SignedInCheckoutExpressMasterTest.testSignedInCheckoutMaster(SignedInCheckoutExpressMasterTest.java:110)
	at sun.reflect.NativeMethodAccessorImpl.invoke0(Native Method)
	at sun.reflect.NativeMethodAccessorImpl.invoke(NativeMethodAccessorImpl.java:57)
	at sun.reflect.DelegatingMethodAccessorImpl.invoke(DelegatingMethodAccessorImpl.java:43)
	at java.lang.reflect.Method.invoke(Method.java:601)
	at org.testng.internal.MethodInvocationHelper.invokeMethod(MethodInvocationHelper.java:84)
	at org.testng.internal.Invoker.invokeMethod(Invoker.java:714)
	at org.testng.internal.Invoker.invokeTestMethod(Invoker.java:901)
	at org.testng.internal.Invoker.invokeTestMethods(Invoker.java:1231)
	at org.testng.internal.TestMethodWorker.invokeTestMethods(TestMethodWorker.java:127)
	at org.testng.internal.TestMethodWorker.run(TestMethodWorker.java:111)
	at org.testng.TestRunner.privateRun(TestRunner.java:767)
	at org.testng.TestRunner.run(TestRunner.java:617)
	at org.testng.SuiteRunner.runTest(SuiteRunner.java:334)
	at org.testng.SuiteRunner.runSequentially(SuiteRunner.java:329)
	at org.testng.SuiteRunner.privateRun(SuiteRunner.java:291)
	at org.testng.SuiteRunner.run(SuiteRunner.java:240)
	at org.testng.SuiteRunnerWorker.runSuite(SuiteRunnerWorker.java:52)
	at org.testng.SuiteRunnerWorker.run(SuiteRunnerWorker.java:86)
	at org.testng.TestNG.runSuitesSequentially(TestNG.java:1224)
	at org.testng.TestNG.runSuitesLocally(TestNG.java:1149)
	at org.testng.TestNG.run(TestNG.java:1057)
	at org.testng.remote.RemoteTestNG.run(RemoteTestNG.java:111)
	at org.testng.remote.RemoteTestNG.initAndRun(RemoteTestNG.java:204)
	at org.testng.remote.RemoteTestNG.main(RemoteTestNG.java:175)
]]>
            </full-stacktrace>
          </exception> <!-- java.lang.AssertionError -->
          <reporter-output>
            <line>
              <![CDATA[Using Chrome version 32 browser]]>
            </line>
            <line>
              <![CDATA[Saved <a href=../screenshot/UserGen/20_Jun_2014__06_14_26PM.png>Screenshot</a>]]>
            </line>
            <line>
              <![CDATA[Current page title: Review and Submit Order - DC Shoes]]>
            </line>
            <line>
              <![CDATA[On 'Confirmation' page order number is ORDER NUMBER : STG-0033228]]>
            </line>
            <line>
              <![CDATA[This page title is :Thank You For Your Order - DC Shoes]]>
            </line>
            <line>
              <![CDATA[Current page title: Thank You For Your Order - DC Shoes]]>
            </line>
            <line>
              <![CDATA[On 'Confirmation' page order number is ORDER NUMBER : STG-0033228]]>
            </line>
            <line>
              <![CDATA[Current page title is Thank You For Your Order - DC Shoes]]>
            </line>
            <line>
              <![CDATA[From Confirmation page after click on 'Continue Shopping' redirected to DC Shoes Skate, Snowboard & Surf Clothing and Shoes - DC Shoes]]>
            </line>
            <line>
              <![CDATA[Using Chrome version 32 browser]]>
            </line>
            <line>
              <![CDATA[Saved <a href=../screenshot/UserGen/20_Jun_2014__06_14_44PM.png>Screenshot</a>]]>
            </line>
          </reporter-output>
        </test-method> <!-- testSignedInCheckoutMaster -->
        <test-method status="PASS" signature="tearDown()[pri:0, instance:com.quiksilver.test.SignedInCheckoutExpressMasterTest@1005412e]" name="tearDown" is-config="true" duration-ms="665" started-at="2014-06-20T18:14:44Z" finished-at="2014-06-20T18:14:45Z">
          <reporter-output>
          </reporter-output>
        </test-method> <!-- tearDown -->
      </class> <!-- com.quiksilver.test.SignedInCheckoutExpressMasterTest -->
    </test> <!-- ChromeTest -->
  </suite> <!-- Multibrowser_DC_Quiksilver -->
</testng-results>
